-- Configuring done
-- Generating done
-- Build files have been written to: /home/alumnos/a0405846/lab3/debug
Consolidate compiler generated dependencies of target loop_merge
[ 25%] Built target loop_merge
Consolidate compiler generated dependencies of target loop_merge_opt
[ 50%] Built target loop_merge_opt
Consolidate compiler generated dependencies of target aos
[ 75%] Built target aos
Consolidate compiler generated dependencies of target soa
[100%] Built target soa
==91592== Cachegrind, a cache and branch-prediction profiler
==91592== Copyright (C) 2002-2017, and GNU GPL'd, by Nicholas Nethercote et al.
==91592== Using Valgrind-3.16.1 and LibVEX; rerun with -h for copyright info
==91592== Command: ./debug/loop_merge
==91592== 
--91592-- warning: L3 cache found, using its data for the LL simulation.
==91592== 
==91592== I   refs:      2,926,400
==91592== I1  misses:          857
==91592== LLi misses:          857
==91592== I1  miss rate:      0.03%
==91592== LLi miss rate:      0.03%
==91592== 
==91592== D   refs:      1,641,434  (1,430,105 rd   + 211,329 wr)
==91592== D1  misses:       39,512  (   26,442 rd   +  13,070 wr)
==91592== LLd misses:       39,245  (   26,200 rd   +  13,045 wr)
==91592== D1  miss rate:       2.4% (      1.8%     +     6.2%  )
==91592== LLd miss rate:       2.4% (      1.8%     +     6.2%  )
==91592== 
==91592== LL refs:          40,369  (   27,299 rd   +  13,070 wr)
==91592== LL misses:        40,102  (   27,057 rd   +  13,045 wr)
==91592== LL miss rate:        0.9% (      0.6%     +     6.2%  )
==91594== Cachegrind, a cache and branch-prediction profiler
==91594== Copyright (C) 2002-2017, and GNU GPL'd, by Nicholas Nethercote et al.
==91594== Using Valgrind-3.16.1 and LibVEX; rerun with -h for copyright info
==91594== Command: ./debug/loop_merge
==91594== 
--91594-- warning: L3 cache found, using its data for the LL simulation.
==91594== 
==91594== I   refs:      2,926,400
==91594== I1  misses:          857
==91594== LLi misses:          857
==91594== I1  miss rate:      0.03%
==91594== LLi miss rate:      0.03%
==91594== 
==91594== D   refs:      1,641,434  (1,430,105 rd   + 211,329 wr)
==91594== D1  misses:       39,383  (   26,321 rd   +  13,062 wr)
==91594== LLd misses:       39,251  (   26,207 rd   +  13,044 wr)
==91594== D1  miss rate:       2.4% (      1.8%     +     6.2%  )
==91594== LLd miss rate:       2.4% (      1.8%     +     6.2%  )
==91594== 
==91594== LL refs:          40,240  (   27,178 rd   +  13,062 wr)
==91594== LL misses:        40,108  (   27,064 rd   +  13,044 wr)
==91594== LL miss rate:        0.9% (      0.6%     +     6.2%  )
==91596== Cachegrind, a cache and branch-prediction profiler
==91596== Copyright (C) 2002-2017, and GNU GPL'd, by Nicholas Nethercote et al.
==91596== Using Valgrind-3.16.1 and LibVEX; rerun with -h for copyright info
==91596== Command: ./debug/loop_merge
==91596== 
--91596-- warning: L3 cache found, using its data for the LL simulation.
==91596== 
==91596== I   refs:      2,926,400
==91596== I1  misses:          857
==91596== LLi misses:          857
==91596== I1  miss rate:      0.03%
==91596== LLi miss rate:      0.03%
==91596== 
==91596== D   refs:      1,641,434  (1,430,105 rd   + 211,329 wr)
==91596== D1  misses:       39,299  (   26,247 rd   +  13,052 wr)
==91596== LLd misses:       39,240  (   26,198 rd   +  13,042 wr)
==91596== D1  miss rate:       2.4% (      1.8%     +     6.2%  )
==91596== LLd miss rate:       2.4% (      1.8%     +     6.2%  )
==91596== 
==91596== LL refs:          40,156  (   27,104 rd   +  13,052 wr)
==91596== LL misses:        40,097  (   27,055 rd   +  13,042 wr)
==91596== LL miss rate:        0.9% (      0.6%     +     6.2%  )
==91598== Cachegrind, a cache and branch-prediction profiler
==91598== Copyright (C) 2002-2017, and GNU GPL'd, by Nicholas Nethercote et al.
==91598== Using Valgrind-3.16.1 and LibVEX; rerun with -h for copyright info
==91598== Command: ./debug/loop_merge_opt
==91598== 
--91598-- warning: L3 cache found, using its data for the LL simulation.
==91598== 
==91598== I   refs:      2,526,397
==91598== I1  misses:          857
==91598== LLi misses:          857
==91598== I1  miss rate:      0.03%
==91598== LLi miss rate:      0.03%
==91598== 
==91598== D   refs:      1,441,432  (1,230,104 rd   + 211,328 wr)
==91598== D1  misses:       27,012  (   13,942 rd   +  13,070 wr)
==91598== LLd misses:       26,745  (   13,700 rd   +  13,045 wr)
==91598== D1  miss rate:       1.9% (      1.1%     +     6.2%  )
==91598== LLd miss rate:       1.9% (      1.1%     +     6.2%  )
==91598== 
==91598== LL refs:          27,869  (   14,799 rd   +  13,070 wr)
==91598== LL misses:        27,602  (   14,557 rd   +  13,045 wr)
==91598== LL miss rate:        0.7% (      0.4%     +     6.2%  )
==91600== Cachegrind, a cache and branch-prediction profiler
==91600== Copyright (C) 2002-2017, and GNU GPL'd, by Nicholas Nethercote et al.
==91600== Using Valgrind-3.16.1 and LibVEX; rerun with -h for copyright info
==91600== Command: ./debug/loop_merge_opt
==91600== 
--91600-- warning: L3 cache found, using its data for the LL simulation.
==91600== 
==91600== I   refs:      2,526,397
==91600== I1  misses:          857
==91600== LLi misses:          857
==91600== I1  miss rate:      0.03%
==91600== LLi miss rate:      0.03%
==91600== 
==91600== D   refs:      1,441,432  (1,230,104 rd   + 211,328 wr)
==91600== D1  misses:       26,883  (   13,821 rd   +  13,062 wr)
==91600== LLd misses:       26,751  (   13,707 rd   +  13,044 wr)
==91600== D1  miss rate:       1.9% (      1.1%     +     6.2%  )
==91600== LLd miss rate:       1.9% (      1.1%     +     6.2%  )
==91600== 
==91600== LL refs:          27,740  (   14,678 rd   +  13,062 wr)
==91600== LL misses:        27,608  (   14,564 rd   +  13,044 wr)
==91600== LL miss rate:        0.7% (      0.4%     +     6.2%  )
==91602== Cachegrind, a cache and branch-prediction profiler
==91602== Copyright (C) 2002-2017, and GNU GPL'd, by Nicholas Nethercote et al.
==91602== Using Valgrind-3.16.1 and LibVEX; rerun with -h for copyright info
==91602== Command: ./debug/loop_merge_opt
==91602== 
--91602-- warning: L3 cache found, using its data for the LL simulation.
==91602== 
==91602== I   refs:      2,526,397
==91602== I1  misses:          857
==91602== LLi misses:          857
==91602== I1  miss rate:      0.03%
==91602== LLi miss rate:      0.03%
==91602== 
==91602== D   refs:      1,441,432  (1,230,104 rd   + 211,328 wr)
==91602== D1  misses:       26,799  (   13,747 rd   +  13,052 wr)
==91602== LLd misses:       26,740  (   13,698 rd   +  13,042 wr)
==91602== D1  miss rate:       1.9% (      1.1%     +     6.2%  )
==91602== LLd miss rate:       1.9% (      1.1%     +     6.2%  )
==91602== 
==91602== LL refs:          27,656  (   14,604 rd   +  13,052 wr)
==91602== LL misses:        27,597  (   14,555 rd   +  13,042 wr)
==91602== LL miss rate:        0.7% (      0.4%     +     6.2%  )
==91604== Cachegrind, a cache and branch-prediction profiler
==91604== Copyright (C) 2002-2017, and GNU GPL'd, by Nicholas Nethercote et al.
==91604== Using Valgrind-3.16.1 and LibVEX; rerun with -h for copyright info
==91604== Command: ./debug/soa
==91604== 
--91604-- warning: L3 cache found, using its data for the LL simulation.
==91604== 
==91604== I   refs:      7,627,179
==91604== I1  misses:          870
==91604== LLi misses:          867
==91604== I1  miss rate:      0.01%
==91604== LLi miss rate:      0.01%
==91604== 
==91604== D   refs:      6,241,822  (1,230,358 rd   + 5,011,464 wr)
==91604== D1  misses:      152,362  (   51,737 rd   +   100,625 wr)
==91604== LLd misses:      151,747  (   51,179 rd   +   100,568 wr)
==91604== D1  miss rate:       2.4% (      4.2%     +       2.0%  )
==91604== LLd miss rate:       2.4% (      4.2%     +       2.0%  )
==91604== 
==91604== LL refs:         153,232  (   52,607 rd   +   100,625 wr)
==91604== LL misses:       152,614  (   52,046 rd   +   100,568 wr)
==91604== LL miss rate:        1.1% (      0.6%     +       2.0%  )
==91606== Cachegrind, a cache and branch-prediction profiler
==91606== Copyright (C) 2002-2017, and GNU GPL'd, by Nicholas Nethercote et al.
==91606== Using Valgrind-3.16.1 and LibVEX; rerun with -h for copyright info
==91606== Command: ./debug/soa
==91606== 
--91606-- warning: L3 cache found, using its data for the LL simulation.
==91606== 
==91606== I   refs:      7,627,179
==91606== I1  misses:          870
==91606== LLi misses:          867
==91606== I1  miss rate:      0.01%
==91606== LLi miss rate:      0.01%
==91606== 
==91606== D   refs:      6,241,822  (1,230,358 rd   + 5,011,464 wr)
==91606== D1  misses:      152,066  (   51,467 rd   +   100,599 wr)
==91606== LLd misses:      151,748  (   51,179 rd   +   100,569 wr)
==91606== D1  miss rate:       2.4% (      4.2%     +       2.0%  )
==91606== LLd miss rate:       2.4% (      4.2%     +       2.0%  )
==91606== 
==91606== LL refs:         152,936  (   52,337 rd   +   100,599 wr)
==91606== LL misses:       152,615  (   52,046 rd   +   100,569 wr)
==91606== LL miss rate:        1.1% (      0.6%     +       2.0%  )
==91608== Cachegrind, a cache and branch-prediction profiler
==91608== Copyright (C) 2002-2017, and GNU GPL'd, by Nicholas Nethercote et al.
==91608== Using Valgrind-3.16.1 and LibVEX; rerun with -h for copyright info
==91608== Command: ./debug/soa
==91608== 
--91608-- warning: L3 cache found, using its data for the LL simulation.
==91608== 
==91608== I   refs:      7,627,179
==91608== I1  misses:          870
==91608== LLi misses:          867
==91608== I1  miss rate:      0.01%
==91608== LLi miss rate:      0.01%
==91608== 
==91608== D   refs:      6,241,822  (1,230,358 rd   + 5,011,464 wr)
==91608== D1  misses:      151,932  (   51,343 rd   +   100,589 wr)
==91608== LLd misses:      151,748  (   51,179 rd   +   100,569 wr)
==91608== D1  miss rate:       2.4% (      4.2%     +       2.0%  )
==91608== LLd miss rate:       2.4% (      4.2%     +       2.0%  )
==91608== 
==91608== LL refs:         152,802  (   52,213 rd   +   100,589 wr)
==91608== LL misses:       152,615  (   52,046 rd   +   100,569 wr)
==91608== LL miss rate:        1.1% (      0.6%     +       2.0%  )
==91610== Cachegrind, a cache and branch-prediction profiler
==91610== Copyright (C) 2002-2017, and GNU GPL'd, by Nicholas Nethercote et al.
==91610== Using Valgrind-3.16.1 and LibVEX; rerun with -h for copyright info
==91610== Command: ./debug/aos
==91610== 
--91610-- warning: L3 cache found, using its data for the LL simulation.
==91610== 
==91610== I   refs:      4,326,406
==91610== I1  misses:          859
==91610== LLi misses:          856
==91610== I1  miss rate:      0.02%
==91610== LLi miss rate:      0.02%
==91610== 
==91610== D   refs:      1,441,433  (1,230,105 rd   + 211,328 wr)
==91610== D1  misses:       77,304  (   51,707 rd   +  25,597 wr)
==91610== LLd misses:       76,707  (   51,166 rd   +  25,541 wr)
==91610== D1  miss rate:       5.4% (      4.2%     +    12.1%  )
==91610== LLd miss rate:       5.3% (      4.2%     +    12.1%  )
==91610== 
==91610== LL refs:          78,163  (   52,566 rd   +  25,597 wr)
==91610== LL misses:        77,563  (   52,022 rd   +  25,541 wr)
==91610== LL miss rate:        1.3% (      0.9%     +    12.1%  )
==91612== Cachegrind, a cache and branch-prediction profiler
==91612== Copyright (C) 2002-2017, and GNU GPL'd, by Nicholas Nethercote et al.
==91612== Using Valgrind-3.16.1 and LibVEX; rerun with -h for copyright info
==91612== Command: ./debug/aos
==91612== 
--91612-- warning: L3 cache found, using its data for the LL simulation.
==91612== 
==91612== I   refs:      4,326,406
==91612== I1  misses:          859
==91612== LLi misses:          856
==91612== I1  miss rate:      0.02%
==91612== LLi miss rate:      0.02%
==91612== 
==91612== D   refs:      1,441,433  (1,230,105 rd   + 211,328 wr)
==91612== D1  misses:       77,020  (   51,448 rd   +  25,572 wr)
==91612== LLd misses:       76,708  (   51,166 rd   +  25,542 wr)
==91612== D1  miss rate:       5.3% (      4.2%     +    12.1%  )
==91612== LLd miss rate:       5.3% (      4.2%     +    12.1%  )
==91612== 
==91612== LL refs:          77,879  (   52,307 rd   +  25,572 wr)
==91612== LL misses:        77,564  (   52,022 rd   +  25,542 wr)
==91612== LL miss rate:        1.3% (      0.9%     +    12.1%  )
==91614== Cachegrind, a cache and branch-prediction profiler
==91614== Copyright (C) 2002-2017, and GNU GPL'd, by Nicholas Nethercote et al.
==91614== Using Valgrind-3.16.1 and LibVEX; rerun with -h for copyright info
==91614== Command: ./debug/aos
==91614== 
--91614-- warning: L3 cache found, using its data for the LL simulation.
==91614== 
==91614== I   refs:      4,326,406
==91614== I1  misses:          859
==91614== LLi misses:          856
==91614== I1  miss rate:      0.02%
==91614== LLi miss rate:      0.02%
==91614== 
==91614== D   refs:      1,441,433  (1,230,105 rd   + 211,328 wr)
==91614== D1  misses:       76,890  (   51,328 rd   +  25,562 wr)
==91614== LLd misses:       76,709  (   51,166 rd   +  25,543 wr)
==91614== D1  miss rate:       5.3% (      4.2%     +    12.1%  )
==91614== LLd miss rate:       5.3% (      4.2%     +    12.1%  )
==91614== 
==91614== LL refs:          77,749  (   52,187 rd   +  25,562 wr)
==91614== LL misses:        77,565  (   52,022 rd   +  25,543 wr)
==91614== LL miss rate:        1.3% (      0.9%     +    12.1%  )
