
 Performance counter stats for 'system wide':

         24.069,37 msec cpu-clock                 #    4,000 CPUs utilized          
            87.801      context-switches          #    0,004 M/sec                  
               120      cpu-migrations            #    0,005 K/sec                  
            15.487      page-faults               #    0,643 K/sec                  
     9.449.810.728      cycles                    #    0,393 GHz                    
    16.003.414.902      instructions              #    1,69  insn per cycle         
     2.908.613.508      branches                  #  120,843 M/sec                  
        10.278.979      branch-misses             #    0,35% of all branches        

       6,017639925 seconds time elapsed


 Performance counter stats for 'system wide':

         38.486,16 msec cpu-clock                 #    4,000 CPUs utilized          
             7.459      context-switches          #    0,194 K/sec                  
                47      cpu-migrations            #    0,001 K/sec                  
            25.925      page-faults               #    0,674 K/sec                  
    21.186.948.271      cycles                    #    0,551 GHz                    
    33.752.033.595      instructions              #    1,59  insn per cycle         
     4.760.989.168      branches                  #  123,707 M/sec                  
         7.417.624      branch-misses             #    0,16% of all branches        

       9,622672463 seconds time elapsed


 Performance counter stats for 'system wide':

         63.280,54 msec cpu-clock                 #    4,000 CPUs utilized          
             7.283      context-switches          #    0,115 K/sec                  
                56      cpu-migrations            #    0,001 K/sec                  
            24.585      page-faults               #    0,389 K/sec                  
    41.726.986.733      cycles                    #    0,659 GHz                    
   111.600.813.353      instructions              #    2,67  insn per cycle         
    10.450.478.929      branches                  #  165,145 M/sec                  
        26.860.764      branch-misses             #    0,26% of all branches        

      15,821107725 seconds time elapsed


 Performance counter stats for 'system wide':

          6.622,98 msec cpu-clock                 #    3,998 CPUs utilized          
               570      context-switches          #    0,086 K/sec                  
                 6      cpu-migrations            #    0,001 K/sec                  
            16.423      page-faults               #    0,002 M/sec                  
     5.459.133.959      cycles                    #    0,824 GHz                    
    10.640.463.265      instructions              #    1,95  insn per cycle         
     1.668.021.980      branches                  #  251,854 M/sec                  
           456.262      branch-misses             #    0,03% of all branches        

       1,656772017 seconds time elapsed


 Performance counter stats for 'system wide':

         30.019,11 msec cpu-clock                 #    4,000 CPUs utilized          
             7.250      context-switches          #    0,242 K/sec                  
                33      cpu-migrations            #    0,001 K/sec                  
            28.373      page-faults               #    0,945 K/sec                  
    14.086.188.444      cycles                    #    0,469 GHz                    
    23.624.274.349      instructions              #    1,68  insn per cycle         
     4.105.155.965      branches                  #  136,751 M/sec                  
         4.163.951      branch-misses             #    0,10% of all branches        

       7,505054434 seconds time elapsed


 Performance counter stats for 'system wide':

         54.190,25 msec cpu-clock                 #    4,000 CPUs utilized          
             6.261      context-switches          #    0,116 K/sec                  
                32      cpu-migrations            #    0,001 K/sec                  
            49.737      page-faults               #    0,918 K/sec                  
    33.482.935.709      cycles                    #    0,618 GHz                    
    51.111.225.465      instructions              #    1,53  insn per cycle         
     7.604.427.776      branches                  #  140,328 M/sec                  
         7.792.145      branch-misses             #    0,10% of all branches        

      13,548280649 seconds time elapsed


 Performance counter stats for 'system wide':

         76.621,15 msec cpu-clock                 #    4,000 CPUs utilized          
             6.792      context-switches          #    0,089 K/sec                  
                34      cpu-migrations            #    0,000 K/sec                  
            44.891      page-faults               #    0,586 K/sec                  
    52.632.305.844      cycles                    #    0,687 GHz                    
   125.206.973.977      instructions              #    2,38  insn per cycle         
    13.288.721.804      branches                  #  173,434 M/sec                  
        26.907.757      branch-misses             #    0,20% of all branches        

      19,156137300 seconds time elapsed


 Performance counter stats for 'system wide':

         14.209,14 msec cpu-clock                 #    3,999 CPUs utilized          
               663      context-switches          #    0,047 K/sec                  
                 8      cpu-migrations            #    0,001 K/sec                  
            26.365      page-faults               #    0,002 M/sec                  
    11.893.520.307      cycles                    #    0,837 GHz                    
    19.331.708.531      instructions              #    1,63  insn per cycle         
     3.091.873.231      branches                  #  217,597 M/sec                  
           589.028      branch-misses             #    0,02% of all branches        

       3,552762598 seconds time elapsed


 Performance counter stats for 'system wide':

              9,69 Joules power/energy-cores/                                         
              0,00 Joules  power/energy-gpu/                                          
             32,46 Joules  power/energy-pkg/                                          
             13,76 Joules  power/energy-ram/                                          

       5,736667738 seconds time elapsed


 Performance counter stats for 'system wide':

             26,05 Joules power/energy-cores/                                         
              0,04 Joules  power/energy-gpu/                                          
             69,08 Joules  power/energy-pkg/                                          
             23,42 Joules  power/energy-ram/                                          

       9,578571900 seconds time elapsed


 Performance counter stats for 'system wide':

             60,65 Joules power/energy-cores/                                         
              0,00 Joules  power/energy-gpu/                                          
            135,48 Joules  power/energy-pkg/                                          
             38,31 Joules  power/energy-ram/                                          

      15,852633673 seconds time elapsed


 Performance counter stats for 'system wide':

              8,31 Joules power/energy-cores/                                         
              0,00 Joules  power/energy-gpu/                                          
             17,49 Joules  power/energy-pkg/                                          
              4,56 Joules  power/energy-ram/                                          

       1,775228919 seconds time elapsed


 Performance counter stats for 'system wide':

             18,09 Joules power/energy-cores/                                         
              0,00 Joules  power/energy-gpu/                                          
             50,73 Joules  power/energy-pkg/                                          
             17,90 Joules  power/energy-ram/                                          

       7,416208004 seconds time elapsed


 Performance counter stats for 'system wide':

             42,27 Joules power/energy-cores/                                         
              0,00 Joules  power/energy-gpu/                                          
            105,64 Joules  power/energy-pkg/                                          
             32,21 Joules  power/energy-ram/                                          

      13,185818617 seconds time elapsed


 Performance counter stats for 'system wide':

             76,24 Joules power/energy-cores/                                         
              0,04 Joules  power/energy-gpu/                                          
            167,05 Joules  power/energy-pkg/                                          
             45,62 Joules  power/energy-ram/                                          

      18,729820470 seconds time elapsed


 Performance counter stats for 'system wide':

             15,97 Joules power/energy-cores/                                         
              0,00 Joules  power/energy-gpu/                                          
             34,37 Joules  power/energy-pkg/                                          
              8,90 Joules  power/energy-ram/                                          

       3,549336183 seconds time elapsed

